<?xml version="1.0" encoding="UTF-8"?>
<!-- Generated by org.testng.reporters.JUnitReportReporter -->
<testsuite skipped="0" hostname="mindc1d347" name="runner.Testcase1" tests="10" failures="0" timestamp="2022-05-20T15:57:30 IST" time="43.274" errors="0">
  <testcase name="loginDetails" time="4.549" classname="runner.Testcase1"/>
  <system-out/>
  <testcase name="signUpDetails" time="7.214" classname="runner.Testcase1"/>
  <system-out/>
  <testcase name="searchPageDetails" time="3.012" classname="runner.Testcase1"/>
  <system-out/>
  <testcase name="coffeePage" time="7.410" classname="runner.Testcase1"/>
  <system-out/>
  <testcase name="bookingDetails" time="5.974" classname="runner.Testcase1"/>
  <system-out/>
  <testcase name="coffeeTableList" time="1.993" classname="runner.Testcase1"/>
  <system-out/>
  <testcase name="gamingChair" time="3.093" classname="runner.Testcase1"/>
  <system-out/>
  <testcase name="studyListDetails" time="1.703" classname="runner.Testcase1"/>
  <system-out/>
  <testcase name="aboutPageDetails" time="2.404" classname="runner.Testcase1"/>
  <system-out/>
  <testcase name="myOrderListDetails" time="5.922" classname="runner.Testcase1"/>
  <system-out/>
</testsuite> <!-- runner.Testcase1 -->
